2026-03-28T11:27:55.417282Z  INFO tailwindcss_oxide::scanner: Provided sources:
2026-03-28T11:27:55.419408Z  INFO tailwindcss_oxide::scanner: Source: PublicSourceEntry { base: "C:\\Users\\Bhawana\\OneDrive\\Documents\\bhawana", pattern: "**/*", negated: false }
2026-03-28T11:27:55.425803Z  INFO tailwindcss_oxide::scanner: Optimized sources:
2026-03-28T11:27:55.425942Z  INFO tailwindcss_oxide::scanner: Source: Auto { base: "C:\\Users\\Bhawana\\OneDrive\\Documents\\bhawana" }
2026-03-28T11:27:55.518890Z  INFO discover_sources: tailwindcss_oxide::scanner: enter
2026-03-28T11:27:55.518977Z  INFO discover_sources:walk_synchronous: tailwindcss_oxide::scanner: enter
2026-03-28T11:27:55.636345Z  INFO discover_sources:walk_synchronous: tailwindcss_oxide::scanner: exit
2026-03-28T11:27:55.819768Z  INFO tailwindcss_oxide::scanner: Reading "C:\\Users\\Bhawana\\OneDrive\\Documents\\bhawana\\.github\\workflows\\nextjs.yml"
2026-03-28T11:27:55.821688Z  INFO tailwindcss_oxide::scanner: Reading "C:\\Users\\Bhawana\\OneDrive\\Documents\\bhawana\\app\\dashboard\\layout.tsx"
2026-03-28T11:27:55.823376Z  INFO tailwindcss_oxide::scanner: Reading "C:\\Users\\Bhawana\\OneDrive\\Documents\\bhawana\\app\\dashboard\\page.tsx"
2026-03-28T11:27:55.824198Z  INFO tailwindcss_oxide::scanner: Reading "C:\\Users\\Bhawana\\OneDrive\\Documents\\bhawana\\app\\layout.tsx"
2026-03-28T11:27:55.824439Z  INFO tailwindcss_oxide::scanner: Reading "C:\\Users\\Bhawana\\OneDrive\\Documents\\bhawana\\app\\page.tsx"
2026-03-28T11:27:55.825165Z  INFO tailwindcss_oxide::scanner: Reading "C:\\Users\\Bhawana\\OneDrive\\Documents\\bhawana\\app\\profile\\page.tsx"
2026-03-28T11:27:55.826113Z  INFO tailwindcss_oxide::scanner: Reading "C:\\Users\\Bhawana\\OneDrive\\Documents\\bhawana\\app\\signin\\page.tsx"
2026-03-28T11:27:55.826980Z  INFO tailwindcss_oxide::scanner: Reading "C:\\Users\\Bhawana\\OneDrive\\Documents\\bhawana\\app\\signup\\page.tsx"
2026-03-28T11:27:55.827741Z  INFO tailwindcss_oxide::scanner: Reading "C:\\Users\\Bhawana\\OneDrive\\Documents\\bhawana\\app\\supporter\\page.tsx"
2026-03-28T11:27:55.828472Z  INFO tailwindcss_oxide::scanner: Reading "C:\\Users\\Bhawana\\OneDrive\\Documents\\bhawana\\components\\about-section.tsx"
2026-03-28T11:27:55.829147Z  INFO tailwindcss_oxide::scanner: Reading "C:\\Users\\Bhawana\\OneDrive\\Documents\\bhawana\\components\\creators-developers-section.tsx"
2026-03-28T11:27:55.829790Z  INFO tailwindcss_oxide::scanner: Reading "C:\\Users\\Bhawana\\OneDrive\\Documents\\bhawana\\components\\cta-section.tsx"
2026-03-28T11:27:55.830888Z  INFO tailwindcss_oxide::scanner: Reading "C:\\Users\\Bhawana\\OneDrive\\Documents\\bhawana\\components\\dashboard\\ActivityAndEarnings.tsx"
2026-03-28T11:27:55.831573Z  INFO tailwindcss_oxide::scanner: Reading "C:\\Users\\Bhawana\\OneDrive\\Documents\\bhawana\\components\\dashboard\\IntegrationPanel.tsx"
2026-03-28T11:27:55.832716Z  INFO tailwindcss_oxide::scanner: Reading "C:\\Users\\Bhawana\\OneDrive\\Documents\\bhawana\\components\\dashboard\\ProgressChecklist.tsx"
2026-03-28T11:27:55.833637Z  INFO tailwindcss_oxide::scanner: Reading "C:\\Users\\Bhawana\\OneDrive\\Documents\\bhawana\\components\\dashboard\\Sidebar.tsx"
2026-03-28T11:27:55.834502Z  INFO tailwindcss_oxide::scanner: Reading "C:\\Users\\Bhawana\\OneDrive\\Documents\\bhawana\\components\\dashboard\\StatsGrid.tsx"
2026-03-28T11:27:55.835114Z  INFO tailwindcss_oxide::scanner: Reading "C:\\Users\\Bhawana\\OneDrive\\Documents\\bhawana\\components\\dashboard\\TopBar.tsx"
2026-03-28T11:27:55.836239Z  INFO tailwindcss_oxide::scanner: Reading "C:\\Users\\Bhawana\\OneDrive\\Documents\\bhawana\\components\\dashboard\\WelcomeSection.tsx"
2026-03-28T11:27:55.836967Z  INFO tailwindcss_oxide::scanner: Reading "C:\\Users\\Bhawana\\OneDrive\\Documents\\bhawana\\components\\features-section.tsx"
2026-03-28T11:27:55.837874Z  INFO tailwindcss_oxide::scanner: Reading "C:\\Users\\Bhawana\\OneDrive\\Documents\\bhawana\\components\\feed\\CreatorSpotlightCard.tsx"
2026-03-28T11:27:55.839531Z  INFO tailwindcss_oxide::scanner: Reading "C:\\Users\\Bhawana\\OneDrive\\Documents\\bhawana\\components\\feed\\FeedComposer.tsx"
2026-03-28T11:27:55.840418Z  INFO tailwindcss_oxide::scanner: Reading "C:\\Users\\Bhawana\\OneDrive\\Documents\\bhawana\\components\\feed\\FeedFilterChips.tsx"
2026-03-28T11:27:55.841398Z  INFO tailwindcss_oxide::scanner: Reading "C:\\Users\\Bhawana\\OneDrive\\Documents\\bhawana\\components\\feed\\FeedPostCard.tsx"
2026-03-28T11:27:55.842637Z  INFO tailwindcss_oxide::scanner: Reading "C:\\Users\\Bhawana\\OneDrive\\Documents\\bhawana\\components\\feed\\FeedSidebar.tsx"
2026-03-28T11:27:55.843991Z  INFO tailwindcss_oxide::scanner: Reading "C:\\Users\\Bhawana\\OneDrive\\Documents\\bhawana\\components\\feed\\FeedSkeleton.tsx"
2026-03-28T11:27:55.845016Z  INFO tailwindcss_oxide::scanner: Reading "C:\\Users\\Bhawana\\OneDrive\\Documents\\bhawana\\components\\feed\\FeedSkeletonCard.tsx"
2026-03-28T11:27:55.846555Z  INFO tailwindcss_oxide::scanner: Reading "C:\\Users\\Bhawana\\OneDrive\\Documents\\bhawana\\components\\feed\\FeedTopBar.tsx"
2026-03-28T11:27:55.848638Z  INFO tailwindcss_oxide::scanner: Reading "C:\\Users\\Bhawana\\OneDrive\\Documents\\bhawana\\components\\feed\\RightPanel.tsx"
2026-03-28T11:27:55.849519Z  INFO tailwindcss_oxide::scanner: Reading "C:\\Users\\Bhawana\\OneDrive\\Documents\\bhawana\\components\\feed\\SearchSpotlight.tsx"
2026-03-28T11:27:55.850732Z  INFO tailwindcss_oxide::scanner: Reading "C:\\Users\\Bhawana\\OneDrive\\Documents\\bhawana\\components\\footer.tsx"
2026-03-28T11:27:55.851548Z  INFO tailwindcss_oxide::scanner: Reading "C:\\Users\\Bhawana\\OneDrive\\Documents\\bhawana\\components\\hero-section.tsx"
2026-03-28T11:27:55.852256Z  INFO tailwindcss_oxide::scanner: Reading "C:\\Users\\Bhawana\\OneDrive\\Documents\\bhawana\\components\\navbar.tsx"
2026-03-28T11:27:55.853110Z  INFO tailwindcss_oxide::scanner: Reading "C:\\Users\\Bhawana\\OneDrive\\Documents\\bhawana\\components\\profile\\CreatorProfile.tsx"
2026-03-28T11:27:55.853864Z  INFO tailwindcss_oxide::scanner: Reading "C:\\Users\\Bhawana\\OneDrive\\Documents\\bhawana\\components\\profile\\DeveloperProfile.tsx"
2026-03-28T11:27:55.856532Z  INFO tailwindcss_oxide::scanner: Reading "C:\\Users\\Bhawana\\OneDrive\\Documents\\bhawana\\components\\reveal.tsx"
2026-03-28T11:27:55.857003Z  INFO tailwindcss_oxide::scanner: Reading "C:\\Users\\Bhawana\\OneDrive\\Documents\\bhawana\\components\\sidebar\\index.ts"
2026-03-28T11:27:55.857462Z  INFO tailwindcss_oxide::scanner: Reading "C:\\Users\\Bhawana\\OneDrive\\Documents\\bhawana\\components\\sidebar\\SupporterSidebar.tsx"
2026-03-28T11:27:55.858759Z  INFO tailwindcss_oxide::scanner: Reading "C:\\Users\\Bhawana\\OneDrive\\Documents\\bhawana\\components\\sliding-cards.tsx"
2026-03-28T11:27:55.859744Z  INFO tailwindcss_oxide::scanner: Reading "C:\\Users\\Bhawana\\OneDrive\\Documents\\bhawana\\components\\theme-provider.tsx"
2026-03-28T11:27:55.860613Z  INFO tailwindcss_oxide::scanner: Reading "C:\\Users\\Bhawana\\OneDrive\\Documents\\bhawana\\components\\ui\\accordion.tsx"
2026-03-28T11:27:55.861914Z  INFO tailwindcss_oxide::scanner: Reading "C:\\Users\\Bhawana\\OneDrive\\Documents\\bhawana\\components\\ui\\alert-dialog.tsx"
2026-03-28T11:27:55.863185Z  INFO tailwindcss_oxide::scanner: Reading "C:\\Users\\Bhawana\\OneDrive\\Documents\\bhawana\\components\\ui\\alert.tsx"
2026-03-28T11:27:55.864128Z  INFO tailwindcss_oxide::scanner: Reading "C:\\Users\\Bhawana\\OneDrive\\Documents\\bhawana\\components\\ui\\aspect-ratio.tsx"
2026-03-28T11:27:55.864490Z  INFO tailwindcss_oxide::scanner: Reading "C:\\Users\\Bhawana\\OneDrive\\Documents\\bhawana\\components\\ui\\avatar.tsx"
2026-03-28T11:27:55.865175Z  INFO tailwindcss_oxide::scanner: Reading "C:\\Users\\Bhawana\\OneDrive\\Documents\\bhawana\\components\\ui\\badge.tsx"
2026-03-28T11:27:55.865673Z  INFO tailwindcss_oxide::scanner: Reading "C:\\Users\\Bhawana\\OneDrive\\Documents\\bhawana\\components\\ui\\breadcrumb.tsx"
2026-03-28T11:27:55.866259Z  INFO tailwindcss_oxide::scanner: Reading "C:\\Users\\Bhawana\\OneDrive\\Documents\\bhawana\\components\\ui\\button-group.tsx"
2026-03-28T11:27:55.866825Z  INFO tailwindcss_oxide::scanner: Reading "C:\\Users\\Bhawana\\OneDrive\\Documents\\bhawana\\components\\ui\\button.tsx"
2026-03-28T11:27:55.868034Z  INFO tailwindcss_oxide::scanner: Reading "C:\\Users\\Bhawana\\OneDrive\\Documents\\bhawana\\components\\ui\\calendar.tsx"
2026-03-28T11:27:55.868816Z  INFO tailwindcss_oxide::scanner: Reading "C:\\Users\\Bhawana\\OneDrive\\Documents\\bhawana\\components\\ui\\card.tsx"
2026-03-28T11:27:55.869542Z  INFO tailwindcss_oxide::scanner: Reading "C:\\Users\\Bhawana\\OneDrive\\Documents\\bhawana\\components\\ui\\carousel.tsx"
2026-03-28T11:27:55.870237Z  INFO tailwindcss_oxide::scanner: Reading "C:\\Users\\Bhawana\\OneDrive\\Documents\\bhawana\\components\\ui\\chart.tsx"
2026-03-28T11:27:55.871257Z  INFO tailwindcss_oxide::scanner: Reading "C:\\Users\\Bhawana\\OneDrive\\Documents\\bhawana\\components\\ui\\checkbox.tsx"
2026-03-28T11:27:55.872032Z  INFO tailwindcss_oxide::scanner: Reading "C:\\Users\\Bhawana\\OneDrive\\Documents\\bhawana\\components\\ui\\collapsible.tsx"
2026-03-28T11:27:55.872674Z  INFO tailwindcss_oxide::scanner: Reading "C:\\Users\\Bhawana\\OneDrive\\Documents\\bhawana\\components\\ui\\command.tsx"
2026-03-28T11:27:55.873360Z  INFO tailwindcss_oxide::scanner: Reading "C:\\Users\\Bhawana\\OneDrive\\Documents\\bhawana\\components\\ui\\context-menu.tsx"
2026-03-28T11:27:55.873972Z  INFO tailwindcss_oxide::scanner: Reading "C:\\Users\\Bhawana\\OneDrive\\Documents\\bhawana\\components\\ui\\dialog.tsx"
2026-03-28T11:27:55.874575Z  INFO tailwindcss_oxide::scanner: Reading "C:\\Users\\Bhawana\\OneDrive\\Documents\\bhawana\\components\\ui\\drawer.tsx"
2026-03-28T11:27:55.875222Z  INFO tailwindcss_oxide::scanner: Reading "C:\\Users\\Bhawana\\OneDrive\\Documents\\bhawana\\components\\ui\\dropdown-menu.tsx"
2026-03-28T11:27:55.875731Z  INFO tailwindcss_oxide::scanner: Reading "C:\\Users\\Bhawana\\OneDrive\\Documents\\bhawana\\components\\ui\\empty.tsx"
2026-03-28T11:27:55.876299Z  INFO tailwindcss_oxide::scanner: Reading "C:\\Users\\Bhawana\\OneDrive\\Documents\\bhawana\\components\\ui\\field.tsx"
2026-03-28T11:27:55.876907Z  INFO tailwindcss_oxide::scanner: Reading "C:\\Users\\Bhawana\\OneDrive\\Documents\\bhawana\\components\\ui\\form.tsx"
2026-03-28T11:27:55.877356Z  INFO tailwindcss_oxide::scanner: Reading "C:\\Users\\Bhawana\\OneDrive\\Documents\\bhawana\\components\\ui\\hover-card.tsx"
2026-03-28T11:27:55.877813Z  INFO tailwindcss_oxide::scanner: Reading "C:\\Users\\Bhawana\\OneDrive\\Documents\\bhawana\\components\\ui\\input-group.tsx"
2026-03-28T11:27:55.878343Z  INFO tailwindcss_oxide::scanner: Reading "C:\\Users\\Bhawana\\OneDrive\\Documents\\bhawana\\components\\ui\\input-otp.tsx"
2026-03-28T11:27:55.878758Z  INFO tailwindcss_oxide::scanner: Reading "C:\\Users\\Bhawana\\OneDrive\\Documents\\bhawana\\components\\ui\\input.tsx"
2026-03-28T11:27:55.879391Z  INFO tailwindcss_oxide::scanner: Reading "C:\\Users\\Bhawana\\OneDrive\\Documents\\bhawana\\components\\ui\\item.tsx"
2026-03-28T11:27:55.935962Z  INFO tailwindcss_oxide::scanner: Reading "C:\\Users\\Bhawana\\OneDrive\\Documents\\bhawana\\components\\ui\\kbd.tsx"
2026-03-28T11:27:55.936688Z  INFO tailwindcss_oxide::scanner: Reading "C:\\Users\\Bhawana\\OneDrive\\Documents\\bhawana\\components\\ui\\label.tsx"
2026-03-28T11:27:55.939355Z  INFO tailwindcss_oxide::scanner: Reading "C:\\Users\\Bhawana\\OneDrive\\Documents\\bhawana\\components\\ui\\menubar.tsx"
2026-03-28T11:27:55.940329Z  INFO tailwindcss_oxide::scanner: Reading "C:\\Users\\Bhawana\\OneDrive\\Documents\\bhawana\\components\\ui\\navigation-menu.tsx"
2026-03-28T11:27:55.941328Z  INFO tailwindcss_oxide::scanner: Reading "C:\\Users\\Bhawana\\OneDrive\\Documents\\bhawana\\components\\ui\\pagination.tsx"
2026-03-28T11:27:55.942582Z  INFO tailwindcss_oxide::scanner: Reading "C:\\Users\\Bhawana\\OneDrive\\Documents\\bhawana\\components\\ui\\use-mobile.tsx"
2026-03-28T11:27:55.942792Z  INFO tailwindcss_oxide::scanner: Reading "C:\\Users\\Bhawana\\OneDrive\\Documents\\bhawana\\components\\ui\\popover.tsx"
2026-03-28T11:27:55.943394Z  INFO tailwindcss_oxide::scanner: Reading "C:\\Users\\Bhawana\\OneDrive\\Documents\\bhawana\\components\\ui\\use-toast.ts"
2026-03-28T11:27:55.943543Z  INFO tailwindcss_oxide::scanner: Reading "C:\\Users\\Bhawana\\OneDrive\\Documents\\bhawana\\components\\ui\\progress.tsx"
2026-03-28T11:27:55.944556Z  INFO tailwindcss_oxide::scanner: Reading "C:\\Users\\Bhawana\\OneDrive\\Documents\\bhawana\\components\\ui\\radio-group.tsx"
2026-03-28T11:27:55.944556Z  INFO tailwindcss_oxide::scanner: Reading "C:\\Users\\Bhawana\\OneDrive\\Documents\\bhawana\\components.json"
2026-03-28T11:27:55.945480Z  INFO tailwindcss_oxide::scanner: Reading "C:\\Users\\Bhawana\\OneDrive\\Documents\\bhawana\\demo"
2026-03-28T11:27:55.946371Z  INFO tailwindcss_oxide::scanner: Reading "C:\\Users\\Bhawana\\OneDrive\\Documents\\bhawana\\components\\ui\\resizable.tsx"
2026-03-28T11:27:55.946969Z  INFO tailwindcss_oxide::scanner: Reading "C:\\Users\\Bhawana\\OneDrive\\Documents\\bhawana\\hooks\\use-mobile.ts"
2026-03-28T11:27:55.947792Z  INFO tailwindcss_oxide::scanner: Reading "C:\\Users\\Bhawana\\OneDrive\\Documents\\bhawana\\components\\ui\\scroll-area.tsx"
2026-03-28T11:27:55.948094Z  INFO tailwindcss_oxide::scanner: Reading "C:\\Users\\Bhawana\\OneDrive\\Documents\\bhawana\\hooks\\use-toast.ts"
2026-03-28T11:27:55.948500Z  INFO tailwindcss_oxide::scanner: Reading "C:\\Users\\Bhawana\\OneDrive\\Documents\\bhawana\\lib\\utils.ts"
2026-03-28T11:27:55.948620Z  INFO tailwindcss_oxide::scanner: Reading "C:\\Users\\Bhawana\\OneDrive\\Documents\\bhawana\\components\\ui\\select.tsx"
2026-03-28T11:27:55.948756Z  INFO tailwindcss_oxide::scanner: Reading "C:\\Users\\Bhawana\\OneDrive\\Documents\\bhawana\\next-env.d.ts"
2026-03-28T11:27:55.948940Z  INFO tailwindcss_oxide::scanner: Reading "C:\\Users\\Bhawana\\OneDrive\\Documents\\bhawana\\next.config.mjs"
2026-03-28T11:27:55.949129Z  INFO tailwindcss_oxide::scanner: Reading "C:\\Users\\Bhawana\\OneDrive\\Documents\\bhawana\\package.json"
2026-03-28T11:27:55.949332Z  INFO tailwindcss_oxide::scanner: Reading "C:\\Users\\Bhawana\\OneDrive\\Documents\\bhawana\\components\\ui\\separator.tsx"
2026-03-28T11:27:55.949937Z  INFO tailwindcss_oxide::scanner: Reading "C:\\Users\\Bhawana\\OneDrive\\Documents\\bhawana\\patronex-dashboard\\eslint.config.js"
2026-03-28T11:27:55.950275Z  INFO tailwindcss_oxide::scanner: Reading "C:\\Users\\Bhawana\\OneDrive\\Documents\\bhawana\\components\\ui\\sheet.tsx"
2026-03-28T11:27:55.950617Z  INFO tailwindcss_oxide::scanner: Reading "C:\\Users\\Bhawana\\OneDrive\\Documents\\bhawana\\patronex-dashboard\\index.html"
2026-03-28T11:27:55.951052Z  INFO tailwindcss_oxide::scanner: Reading "C:\\Users\\Bhawana\\OneDrive\\Documents\\bhawana\\components\\ui\\sidebar.tsx"
2026-03-28T11:27:55.951264Z  INFO tailwindcss_oxide::scanner: Reading "C:\\Users\\Bhawana\\OneDrive\\Documents\\bhawana\\patronex-dashboard\\package.json"
2026-03-28T11:27:55.951346Z  INFO tailwindcss_oxide::scanner: Reading "C:\\Users\\Bhawana\\OneDrive\\Documents\\bhawana\\components\\ui\\skeleton.tsx"
2026-03-28T11:27:55.951974Z  INFO tailwindcss_oxide::scanner: Reading "C:\\Users\\Bhawana\\OneDrive\\Documents\\bhawana\\patronex-dashboard\\public\\favicon.svg"
2026-03-28T11:27:55.952224Z  INFO tailwindcss_oxide::scanner: Reading "C:\\Users\\Bhawana\\OneDrive\\Documents\\bhawana\\components\\ui\\slider.tsx"
2026-03-28T11:27:55.952724Z  INFO tailwindcss_oxide::scanner: Reading "C:\\Users\\Bhawana\\OneDrive\\Documents\\bhawana\\patronex-dashboard\\public\\icons.svg"
2026-03-28T11:27:55.952966Z  INFO tailwindcss_oxide::scanner: Reading "C:\\Users\\Bhawana\\OneDrive\\Documents\\bhawana\\components\\ui\\sonner.tsx"
2026-03-28T11:27:55.953349Z  INFO tailwindcss_oxide::scanner: Reading "C:\\Users\\Bhawana\\OneDrive\\Documents\\bhawana\\patronex-dashboard\\README.md"
2026-03-28T11:27:55.953442Z  INFO tailwindcss_oxide::scanner: Reading "C:\\Users\\Bhawana\\OneDrive\\Documents\\bhawana\\components\\ui\\spinner.tsx"
2026-03-28T11:27:55.953893Z  INFO tailwindcss_oxide::scanner: Reading "C:\\Users\\Bhawana\\OneDrive\\Documents\\bhawana\\components\\ui\\switch.tsx"
2026-03-28T11:27:55.954913Z  INFO tailwindcss_oxide::scanner: Reading "C:\\Users\\Bhawana\\OneDrive\\Documents\\bhawana\\patronex-dashboard\\src\\App.tsx"
2026-03-28T11:27:55.955505Z  INFO tailwindcss_oxide::scanner: Reading "C:\\Users\\Bhawana\\OneDrive\\Documents\\bhawana\\components\\ui\\table.tsx"
2026-03-28T11:27:55.957016Z  INFO tailwindcss_oxide::scanner: Reading "C:\\Users\\Bhawana\\OneDrive\\Documents\\bhawana\\patronex-dashboard\\src\\assets\\react.svg"
2026-03-28T11:27:55.957816Z  INFO tailwindcss_oxide::scanner: Reading "C:\\Users\\Bhawana\\OneDrive\\Documents\\bhawana\\components\\ui\\tabs.tsx"
2026-03-28T11:27:55.958940Z  INFO tailwindcss_oxide::scanner: Reading "C:\\Users\\Bhawana\\OneDrive\\Documents\\bhawana\\patronex-dashboard\\src\\assets\\vite.svg"
2026-03-28T11:27:55.959485Z  INFO tailwindcss_oxide::scanner: Reading "C:\\Users\\Bhawana\\OneDrive\\Documents\\bhawana\\patronex-dashboard\\src\\main.tsx"
2026-03-28T11:27:55.959925Z  INFO tailwindcss_oxide::scanner: Reading "C:\\Users\\Bhawana\\OneDrive\\Documents\\bhawana\\components\\ui\\textarea.tsx"
2026-03-28T11:27:55.960798Z  INFO tailwindcss_oxide::scanner: Reading "C:\\Users\\Bhawana\\OneDrive\\Documents\\bhawana\\patronex-dashboard\\tsconfig.app.json"
2026-03-28T11:27:55.961203Z  INFO tailwindcss_oxide::scanner: Reading "C:\\Users\\Bhawana\\OneDrive\\Documents\\bhawana\\patronex-dashboard\\tsconfig.json"
2026-03-28T11:27:55.961626Z  INFO tailwindcss_oxide::scanner: Reading "C:\\Users\\Bhawana\\OneDrive\\Documents\\bhawana\\components\\ui\\toast.tsx"
2026-03-28T11:27:55.962021Z  INFO tailwindcss_oxide::scanner: Reading "C:\\Users\\Bhawana\\OneDrive\\Documents\\bhawana\\patronex-dashboard\\tsconfig.node.json"
2026-03-28T11:27:55.962363Z  INFO tailwindcss_oxide::scanner: Reading "C:\\Users\\Bhawana\\OneDrive\\Documents\\bhawana\\patronex-dashboard\\vite.config.ts"
2026-03-28T11:27:55.962575Z  INFO tailwindcss_oxide::scanner: Reading "C:\\Users\\Bhawana\\OneDrive\\Documents\\bhawana\\postcss.config.mjs"
2026-03-28T11:27:55.962915Z  INFO tailwindcss_oxide::scanner: Reading "C:\\Users\\Bhawana\\OneDrive\\Documents\\bhawana\\components\\ui\\toaster.tsx"
2026-03-28T11:27:55.963270Z  INFO tailwindcss_oxide::scanner: Reading "C:\\Users\\Bhawana\\OneDrive\\Documents\\bhawana\\public\\icon.svg"
2026-03-28T11:27:55.963572Z  INFO tailwindcss_oxide::scanner: Reading "C:\\Users\\Bhawana\\OneDrive\\Documents\\bhawana\\components\\ui\\toggle-group.tsx"
2026-03-28T11:27:55.963864Z  INFO tailwindcss_oxide::scanner: Reading "C:\\Users\\Bhawana\\OneDrive\\Documents\\bhawana\\public\\placeholder-logo.svg"
2026-03-28T11:27:55.964023Z  INFO tailwindcss_oxide::scanner: Reading "C:\\Users\\Bhawana\\OneDrive\\Documents\\bhawana\\components\\ui\\toggle.tsx"
2026-03-28T11:27:55.964417Z  INFO tailwindcss_oxide::scanner: Reading "C:\\Users\\Bhawana\\OneDrive\\Documents\\bhawana\\public\\placeholder.svg"
2026-03-28T11:27:55.964428Z  INFO tailwindcss_oxide::scanner: Reading "C:\\Users\\Bhawana\\OneDrive\\Documents\\bhawana\\components\\ui\\tooltip.tsx"
2026-03-28T11:27:55.965084Z  INFO tailwindcss_oxide::scanner: Reading "C:\\Users\\Bhawana\\OneDrive\\Documents\\bhawana\\README.md"
2026-03-28T11:27:55.965361Z  INFO tailwindcss_oxide::scanner: Reading "C:\\Users\\Bhawana\\OneDrive\\Documents\\bhawana\\tsconfig.json"
2026-03-28T11:27:55.966224Z  INFO tailwindcss_oxide::scanner: Reading "C:\\Users\\Bhawana\\OneDrive\\Documents\\bhawana\\tsconfig.tsbuildinfo"
2026-03-28T11:27:55.966294Z  INFO tailwindcss_oxide::scanner: Reading "C:\\Users\\Bhawana\\OneDrive\\Documents\\bhawana\\types\\lucide-react.d.ts"
2026-03-28T11:27:56.130768Z  INFO discover_sources: tailwindcss_oxide::scanner: exit
2026-03-28T11:27:56.130870Z  INFO extract_candidates: tailwindcss_oxide::scanner: enter
2026-03-28T11:27:56.130909Z  INFO extract_candidates:parse_all_blobs: tailwindcss_oxide::scanner: enter
2026-03-28T11:27:56.130940Z  INFO extract_candidates:parse_all_blobs:extract: tailwindcss_oxide::scanner: enter
2026-03-28T11:27:57.100695Z  INFO extract_candidates:parse_all_blobs:extract: tailwindcss_oxide::scanner: exit
2026-03-28T11:27:57.101096Z  INFO extract_candidates:parse_all_blobs: tailwindcss_oxide::scanner: exit
2026-03-28T11:27:57.101132Z  INFO extract_candidates:read_all_files: tailwindcss_oxide::scanner: enter
2026-03-28T11:27:57.101145Z  INFO extract_candidates:read_all_files: tailwindcss_oxide::scanner: Reading 4 file(s)
2026-03-28T11:27:57.102326Z  INFO tailwindcss_oxide::scanner: Reading "C:\\Users\\Bhawana\\OneDrive\\Documents\\bhawana\\app\\globals.css"
2026-03-28T11:27:57.103820Z  INFO tailwindcss_oxide::scanner: Reading "C:\\Users\\Bhawana\\OneDrive\\Documents\\bhawana\\patronex-dashboard\\src\\App.css"
2026-03-28T11:27:57.105310Z  INFO tailwindcss_oxide::scanner: Reading "C:\\Users\\Bhawana\\OneDrive\\Documents\\bhawana\\patronex-dashboard\\src\\index.css"
2026-03-28T11:27:57.106685Z  INFO tailwindcss_oxide::scanner: Reading "C:\\Users\\Bhawana\\OneDrive\\Documents\\bhawana\\styles\\globals.css"
2026-03-28T11:27:57.106739Z  INFO extract_candidates:read_all_files: tailwindcss_oxide::scanner: exit
2026-03-28T11:27:57.106772Z  INFO extract_candidates:extract_css_variables: tailwindcss_oxide::scanner: enter
2026-03-28T11:27:57.106787Z  INFO extract_candidates:extract_css_variables:extract: tailwindcss_oxide::scanner: enter
2026-03-28T11:27:57.135044Z  INFO extract_candidates:extract_css_variables:extract: tailwindcss_oxide::scanner: exit
2026-03-28T11:27:57.135079Z  INFO extract_candidates:extract_css_variables: tailwindcss_oxide::scanner: exit
2026-03-28T11:27:57.145068Z  INFO extract_candidates: tailwindcss_oxide::scanner: exit
2026-03-28T11:27:57.152130Z  INFO get_files: tailwindcss_oxide::scanner: enter
2026-03-28T11:27:57.152168Z  INFO get_files:discover_sources: tailwindcss_oxide::scanner: enter
2026-03-28T11:27:57.152182Z  INFO get_files:discover_sources: tailwindcss_oxide::scanner: exit
2026-03-28T11:27:57.152371Z  INFO get_files: tailwindcss_oxide::scanner: exit
2026-03-28T11:27:57.159937Z  INFO get_globs: tailwindcss_oxide::scanner: enter
2026-03-28T11:27:57.159975Z  INFO get_globs:discover_sources: tailwindcss_oxide::scanner: enter
2026-03-28T11:27:57.159991Z  INFO get_globs:discover_sources: tailwindcss_oxide::scanner: exit
2026-03-28T11:27:57.290736Z  INFO get_globs: tailwindcss_oxide::scanner: exit
